DECAY        -5   0.00000000e+00   # b~ decays
#          BR         NDA      ID1       ID2
#
DECAY        -4   0.00000000e+00   # c~ decays
#          BR         NDA      ID1       ID2
#
DECAY        -1   0.00000000e+00   # d~ decays
#          BR         NDA      ID1       ID2
#
DECAY       -11   0.00000000e+00   # e+ decays
#          BR         NDA      ID1       ID2
#
DECAY        25   7.36016545e-03   # h decays
#          BR         NDA      ID1       ID2
     3.38814824e-02    2         -15        15   # BR(h -> ta+ ta- )
     5.61878317e-01    2          -5         5   # BR(h -> b~ b )
     3.59374846e-01    2          21        21   # BR(h -> g g )
     1.12622690e-02    2     3000005   3000005   # BR(h -> hd1 hd1 )
     1.12608455e-02    2     3000006   3000006   # BR(h -> hd2 hd2 )
     1.12373544e-02    2     3000007   3000007   # BR(h -> hd3 hd3 )
     1.11048858e-02    2     3000008   3000008   # BR(h -> hd4 hd4 )
     0.00000000e+00    3         -24         2        -1   # BR(h -> w- u d~ )
     0.00000000e+00    3         -24         4        -3   # BR(h -> w- c s~ )
     0.00000000e+00    3         -24        12       -11   # BR(h -> w- ve e+ )
     0.00000000e+00    3         -24        14       -13   # BR(h -> w- vm mu+ )
     0.00000000e+00    3         -24        16       -15   # BR(h -> w- vt ta+ )
     0.00000000e+00    3          24         1        -2   # BR(h -> w+ d u~ )
     0.00000000e+00    3          24         3        -4   # BR(h -> w+ s c~ )
     0.00000000e+00    3          24        11       -12   # BR(h -> w+ e- ve~ )
     0.00000000e+00    3          24        13       -14   # BR(h -> w+ mu- vm~ )
     0.00000000e+00    3          24        15       -16   # BR(h -> w+ ta- vt~ )
     0.00000000e+00    3          23         1        -1   # BR(h -> z d d~ )
     0.00000000e+00    3          23         2        -2   # BR(h -> z u u~ )
     0.00000000e+00    3          23         3        -3   # BR(h -> z s s~ )
     0.00000000e+00    3          23         4        -4   # BR(h -> z c c~ )
     0.00000000e+00    3          23         5        -5   # BR(h -> z b b~ )
     0.00000000e+00    3          23        11       -11   # BR(h -> z e- e+ )
     0.00000000e+00    3          23        13       -13   # BR(h -> z mu- mu+ )
     0.00000000e+00    3          23        15       -15   # BR(h -> z ta- ta+ )
     0.00000000e+00    3          23        12       -12   # BR(h -> z ve ve~ )
     0.00000000e+00    3          23        14       -14   # BR(h -> z vm vm~ )
     0.00000000e+00    3          23        16       -16   # BR(h -> z vt vt~ )
#
DECAY   3000004   0.00000000e+00   # hd0 decays
#          BR         NDA      ID1       ID2
#
DECAY   3000005   3.77435709e-01   # hd1 decays
#          BR         NDA      ID1       ID2
     9.34521359e-01    2     3000001   3000001   # BR(hd1 -> zd zd )
     6.54786408e-02    2     3000004   3000004   # BR(hd1 -> hd0 hd0 )
#
DECAY   3000006   7.95774715e-03   # hd2 decays
#          BR         NDA      ID1       ID2
     1.00000000e+00    2     3000005   3000005   # BR(hd2 -> hd1 hd1 )
#
DECAY   3000007   2.15362850e-03   # hd3 decays
#          BR         NDA      ID1       ID2
     1.00000000e+00    2     3000006   3000006   # BR(hd3 -> hd2 hd2 )
#
DECAY   3000008   5.96831037e-04   # hd4 decays
#          BR         NDA      ID1       ID2
     1.00000000e+00    2     3000007   3000007   # BR(hd4 -> hd3 hd3 )
#
DECAY       -13   0.00000000e+00   # mu+ decays
#          BR         NDA      ID1       ID2
#
DECAY        -3   0.00000000e+00   # s~ decays
#          BR         NDA      ID1       ID2
#
DECAY         6   1.52308629e+00   # t decays
#          BR         NDA      ID1       ID2
     1.00000000e+00    2           5        24   # BR(t -> b w+ )
#
DECAY       -15   3.19535062e-12   # ta+ decays
#          BR         NDA      ID1       ID2
     3.76808374e-01    3         -16         2        -1   # BR(ta+ -> vt~ u d~ )
     3.70325803e-01    3         -16         4        -3   # BR(ta+ -> vt~ c s~ )
     1.26277847e-01    3         -16        12       -11   # BR(ta+ -> vt~ ve e+ )
     1.26587976e-01    3         -16        14       -13   # BR(ta+ -> vt~ vm mu+ )
#
DECAY        -6   1.53921100e+00   # t~ decays
#          BR         NDA      ID1       ID2
     1.00000000e+00    2          -5       -24   # BR(t~ -> b~ w- )
#
DECAY        -2   0.00000000e+00   # u~ decays
#          BR         NDA      ID1       ID2
#
DECAY       -12   0.00000000e+00   # ve~ decays
#          BR         NDA      ID1       ID2
#
DECAY       -14   0.00000000e+00   # vm~ decays
#          BR         NDA      ID1       ID2
#
DECAY       -16   0.00000000e+00   # vt~ decays
#          BR         NDA      ID1       ID2
#
DECAY        24   2.03215847e+00   # w+ decays
#          BR         NDA      ID1       ID2
     3.35235418e-01    2           2        -1   # BR(w+ -> u d~ )
     3.32264190e-01    2           4        -3   # BR(w+ -> c s~ )
     1.10811218e-01    2          12       -11   # BR(w+ -> ve e+ )
     1.10227262e-01    2          14       -13   # BR(w+ -> vm mu+ )
     1.11461912e-01    2          16       -15   # BR(w+ -> vt ta+ )
#
DECAY       -24   2.03473263e+00   # w- decays
#          BR         NDA      ID1       ID2
     3.35035898e-01    2           1        -2   # BR(w- -> d u~ )
     3.31652280e-01    2           3        -4   # BR(w- -> s c~ )
     1.10486423e-01    2          11       -12   # BR(w- -> e- ve~ )
     1.11164802e-01    2          13       -14   # BR(w- -> mu- vm~ )
     1.11660596e-01    2          15       -16   # BR(w- -> ta- vt~ )
#
DECAY        23   2.44580423e+00   # z decays
#          BR         NDA      ID1       ID2
     1.51770775e-01    2           1        -1   # BR(z -> d d~ )
     1.17385475e-01    2           2        -2   # BR(z -> u u~ )
     1.52245268e-01    2           3        -3   # BR(z -> s s~ )
     1.17577949e-01    2           4        -4   # BR(z -> c c~ )
     1.51618285e-01    2           5        -5   # BR(z -> b b~ )
     3.46029847e-02    2          11       -11   # BR(z -> e- e+ )
     3.45782204e-02    2          13       -13   # BR(z -> mu- mu+ )
     3.44002446e-02    2          15       -15   # BR(z -> ta- ta+ )
     6.83684001e-02    2          12       -12   # BR(z -> ve ve~ )
     6.85515086e-02    2          14       -14   # BR(z -> vm vm~ )
     6.89008892e-02    2          16       -16   # BR(z -> vt vt~ )
     0.00000000e+00    3         -24         2        -1   # BR(z -> w- u d~ )
     0.00000000e+00    3         -24         4        -3   # BR(z -> w- c s~ )
     0.00000000e+00    3         -24        12       -11   # BR(z -> w- ve e+ )
     0.00000000e+00    3         -24        14       -13   # BR(z -> w- vm mu+ )
     0.00000000e+00    3         -24        16       -15   # BR(z -> w- vt ta+ )
     0.00000000e+00    3          24         1        -2   # BR(z -> w+ d u~ )
     0.00000000e+00    3          24         3        -4   # BR(z -> w+ s c~ )
     0.00000000e+00    3          24        11       -12   # BR(z -> w+ e- ve~ )
     0.00000000e+00    3          24        13       -14   # BR(z -> w+ mu- vm~ )
     0.00000000e+00    3          24        15       -16   # BR(z -> w+ ta- vt~ )
#
DECAY   3000001   2.65219752e-11   # zd decays
#          BR         NDA      ID1       ID2
     1.00000000e+00    2          11       -11   # BR(zd -> e- e+ )
#
