DECAY        -5   0.00000000e+00   # b~ decays
#          BR         NDA      ID1       ID2
#
DECAY        -4   0.00000000e+00   # c~ decays
#          BR         NDA      ID1       ID2
#
DECAY        -1   0.00000000e+00   # d~ decays
#          BR         NDA      ID1       ID2
#
DECAY       -11   0.00000000e+00   # e+ decays
#          BR         NDA      ID1       ID2
#
DECAY        25   7.10754653e-03   # h decays
#          BR         NDA      ID1       ID2
     2.91910405e-02    2         -15        15   # BR(h -> ta+ ta- )
     4.82541528e-01    2          -5         5   # BR(h -> b~ b )
     4.47018362e-01    2          21        21   # BR(h -> g g )
     1.39503862e-02    2     3000005   3000005   # BR(h -> hd1 hd1 )
     1.37124815e-02    2     3000006   3000006   # BR(h -> hd2 hd2 )
     1.35862023e-02    2     3000007   3000007   # BR(h -> hd3 hd3 )
     0.00000000e+00    3         -24         2        -1   # BR(h -> w- u d~ )
     0.00000000e+00    3         -24         4        -3   # BR(h -> w- c s~ )
     0.00000000e+00    3         -24        12       -11   # BR(h -> w- ve e+ )
     0.00000000e+00    3         -24        14       -13   # BR(h -> w- vm mu+ )
     0.00000000e+00    3         -24        16       -15   # BR(h -> w- vt ta+ )
     0.00000000e+00    3          24         1        -2   # BR(h -> w+ d u~ )
     0.00000000e+00    3          24         3        -4   # BR(h -> w+ s c~ )
     0.00000000e+00    3          24        11       -12   # BR(h -> w+ e- ve~ )
     0.00000000e+00    3          24        13       -14   # BR(h -> w+ mu- vm~ )
     0.00000000e+00    3          24        15       -16   # BR(h -> w+ ta- vt~ )
     0.00000000e+00    3          23         1        -1   # BR(h -> z d d~ )
     0.00000000e+00    3          23         2        -2   # BR(h -> z u u~ )
     0.00000000e+00    3          23         3        -3   # BR(h -> z s s~ )
     0.00000000e+00    3          23         4        -4   # BR(h -> z c c~ )
     0.00000000e+00    3          23         5        -5   # BR(h -> z b b~ )
     0.00000000e+00    3          23        11       -11   # BR(h -> z e- e+ )
     0.00000000e+00    3          23        13       -13   # BR(h -> z mu- mu+ )
     0.00000000e+00    3          23        15       -15   # BR(h -> z ta- ta+ )
     0.00000000e+00    3          23        12       -12   # BR(h -> z ve ve~ )
     0.00000000e+00    3          23        14       -14   # BR(h -> z vm vm~ )
     0.00000000e+00    3          23        16       -16   # BR(h -> z vt vt~ )
#
DECAY   3000004   0.00000000e+00   # hd0 decays
#          BR         NDA      ID1       ID2
#
DECAY   3000005   1.58358046e+03   # hd1 decays
#          BR         NDA      ID1       ID2
     9.99998431e-01    2     3000001   3000001   # BR(hd1 -> zd zd )
     1.56877209e-06    2     3000004   3000004   # BR(hd1 -> hd0 hd0 )
#
DECAY   3000006   5.96831037e-04   # hd2 decays
#          BR         NDA      ID1       ID2
     1.00000000e+00    2     3000005   3000005   # BR(hd2 -> hd1 hd1 )
#
DECAY   3000007   0.00000000e+00   # hd3 decays
#          BR         NDA      ID1       ID2
#
DECAY       -13   0.00000000e+00   # mu+ decays
#          BR         NDA      ID1       ID2
#
DECAY        -3   0.00000000e+00   # s~ decays
#          BR         NDA      ID1       ID2
#
DECAY         6   1.52517070e+00   # t decays
#          BR         NDA      ID1       ID2
     1.00000000e+00    2           5        24   # BR(t -> b w+ )
#
DECAY       -15   3.25756880e-12   # ta+ decays
#          BR         NDA      ID1       ID2
     3.71311547e-01    3         -16         2        -1   # BR(ta+ -> vt~ u d~ )
     3.80150502e-01    3         -16         4        -3   # BR(ta+ -> vt~ c s~ )
     1.24441725e-01    3         -16        12       -11   # BR(ta+ -> vt~ ve e+ )
     1.24096226e-01    3         -16        14       -13   # BR(ta+ -> vt~ vm mu+ )
#
DECAY        -6   1.53532585e+00   # t~ decays
#          BR         NDA      ID1       ID2
     1.00000000e+00    2          -5       -24   # BR(t~ -> b~ w- )
#
DECAY        -2   0.00000000e+00   # u~ decays
#          BR         NDA      ID1       ID2
#
DECAY       -12   0.00000000e+00   # ve~ decays
#          BR         NDA      ID1       ID2
#
DECAY       -14   0.00000000e+00   # vm~ decays
#          BR         NDA      ID1       ID2
#
DECAY       -16   0.00000000e+00   # vt~ decays
#          BR         NDA      ID1       ID2
#
DECAY        24   2.02927999e+00   # w+ decays
#          BR         NDA      ID1       ID2
     3.34726482e-01    2           2        -1   # BR(w+ -> u d~ )
     3.31979668e-01    2           4        -3   # BR(w+ -> c s~ )
     1.10462043e-01    2          12       -11   # BR(w+ -> ve e+ )
     1.11739121e-01    2          14       -13   # BR(w+ -> vm mu+ )
     1.11092686e-01    2          16       -15   # BR(w+ -> vt ta+ )
#
DECAY       -24   2.03572761e+00   # w- decays
#          BR         NDA      ID1       ID2
     3.32945752e-01    2           1        -2   # BR(w- -> d u~ )
     3.32904679e-01    2           3        -4   # BR(w- -> s c~ )
     1.11692251e-01    2          11       -12   # BR(w- -> e- ve~ )
     1.11468204e-01    2          13       -14   # BR(w- -> mu- vm~ )
     1.10989114e-01    2          15       -16   # BR(w- -> ta- vt~ )
#
DECAY        23   2.44967726e+00   # z decays
#          BR         NDA      ID1       ID2
     1.52804932e-01    2           1        -1   # BR(z -> d d~ )
     1.17897467e-01    2           2        -2   # BR(z -> u u~ )
     1.51387300e-01    2           3        -3   # BR(z -> s s~ )
     1.18085488e-01    2           4        -4   # BR(z -> c c~ )
     1.50490370e-01    2           5        -5   # BR(z -> b b~ )
     3.44125159e-02    2          11       -11   # BR(z -> e- e+ )
     3.45431602e-02    2          13       -13   # BR(z -> mu- mu+ )
     3.42515112e-02    2          15       -15   # BR(z -> ta- ta+ )
     6.85732648e-02    2          12       -12   # BR(z -> ve ve~ )
     6.88678609e-02    2          14       -14   # BR(z -> vm vm~ )
     6.86861304e-02    2          16       -16   # BR(z -> vt vt~ )
     0.00000000e+00    3         -24         2        -1   # BR(z -> w- u d~ )
     0.00000000e+00    3         -24         4        -3   # BR(z -> w- c s~ )
     0.00000000e+00    3         -24        12       -11   # BR(z -> w- ve e+ )
     0.00000000e+00    3         -24        14       -13   # BR(z -> w- vm mu+ )
     0.00000000e+00    3         -24        16       -15   # BR(z -> w- vt ta+ )
     0.00000000e+00    3          24         1        -2   # BR(z -> w+ d u~ )
     0.00000000e+00    3          24         3        -4   # BR(z -> w+ s c~ )
     0.00000000e+00    3          24        11       -12   # BR(z -> w+ e- ve~ )
     0.00000000e+00    3          24        13       -14   # BR(z -> w+ mu- vm~ )
     0.00000000e+00    3          24        15       -16   # BR(z -> w+ ta- vt~ )
#
DECAY   3000001   2.66001462e-11   # zd decays
#          BR         NDA      ID1       ID2
     1.00000000e+00    2          11       -11   # BR(zd -> e- e+ )
#
